[2025-05-12T09:00:13.156Z] [INFO] Initializing TMDB to VidSrc Movie Sync...
[2025-05-12T09:00:13.157Z] [INFO] Options: startPage=1, dryRun=true, concurrency=10
[2025-05-12T09:00:14.649Z] [INFO] Connected to MongoDB successfully
[2025-05-12T09:00:15.301Z] [INFO] Total movie pages from TMDB: 50257
[2025-05-12T09:00:15.302Z] [INFO] Progress saved: Page 1, Index 0
[2025-05-12T09:00:15.302Z] [INFO] Processing page 1 of 50257
[2025-05-12T09:00:15.466Z] [INFO] Fetched 20 movies from page 1
[2025-05-12T09:00:15.567Z] [INFO] [DRY RUN] Would check availability for movie 1241436 (Warfare)
[2025-05-12T09:00:15.672Z] [INFO] [DRY RUN] Would check availability for movie 1144430 (Last Bullet)
[2025-05-12T09:00:15.765Z] [INFO] [DRY RUN] Would check availability for movie 977294 (Tin Soldier)
[2025-05-12T09:00:15.857Z] [INFO] [DRY RUN] Would check availability for movie 1197306 (A Working Man)
[2025-05-12T09:00:15.950Z] [INFO] [DRY RUN] Would check availability for movie 950387 (A Minecraft Movie)
[2025-05-12T09:00:16.043Z] [INFO] [DRY RUN] Would check availability for movie 710258 (Rust)
[2025-05-12T09:00:16.062Z] [INFO] [DRY RUN] Would check availability for movie 986056 (Thunderbolts*)
[2025-05-12T09:00:16.082Z] [INFO] [DRY RUN] Would check availability for movie 1233069 (Exterritorial)
[2025-05-12T09:00:16.565Z] [INFO] [DRY RUN] Would check availability for movie 897160 (Brave Citizen)
[2025-05-12T09:00:16.582Z] [INFO] [DRY RUN] Would check availability for movie 302946 (The Accountant)
[2025-05-12T09:00:19.177Z] [INFO] [DRY RUN] Would check availability for movie 822119 (Captain America: Brave New World)
[2025-05-12T09:00:19.178Z] [INFO] [DRY RUN] Would check availability for movie 668489 (Havoc)
[2025-05-12T09:00:19.179Z] [INFO] [DRY RUN] Would check availability for movie 1153714 (Death of a Unicorn)
[2025-05-12T09:00:19.179Z] [INFO] [DRY RUN] Would check availability for movie 1359977 (Conjuring the Cult)
[2025-05-12T09:00:19.185Z] [INFO] [DRY RUN] Would check availability for movie 324544 (In the Lost Lands)
[2025-05-12T09:00:19.278Z] [INFO] [DRY RUN] Would check availability for movie 419430 (Get Out)
[2025-05-12T09:00:19.279Z] [INFO] [DRY RUN] Would check availability for movie 1225915 (Jewel Thief: The Heist Begins)
[2025-05-12T09:00:19.279Z] [INFO] [DRY RUN] Would check availability for movie 345940 (The Meg)
[2025-05-12T09:00:19.669Z] [INFO] [DRY RUN] Would check availability for movie 1323784 (Bad Influence)
[2025-05-12T09:00:19.687Z] [INFO] [DRY RUN] Would check availability for movie 464052 (Wonder Woman 1984)
[2025-05-12T09:00:22.187Z] [INFO] Progress saved: Page 1, Index 20
[2025-05-12T09:00:22.188Z] [INFO] Processing page 2 of 50257
[2025-05-12T09:00:22.767Z] [INFO] Fetched 20 movies from page 2
[2025-05-12T09:00:22.862Z] [INFO] [DRY RUN] Would check availability for movie 141052 (Justice League)
[2025-05-12T09:00:22.863Z] [INFO] [DRY RUN] Would check availability for movie 1260820 (Stream)
[2025-05-12T09:00:22.863Z] [INFO] [DRY RUN] Would check availability for movie 1233413 (Sinners)
[2025-05-12T09:00:22.864Z] [INFO] [DRY RUN] Would check availability for movie 37135 (Tarzan)
[2025-05-12T09:00:22.865Z] [INFO] [DRY RUN] Would check availability for movie 263115 (Logan)
[2025-05-12T09:00:22.865Z] [INFO] [DRY RUN] Would check availability for movie 281338 (War for the Planet of the Apes)
[2025-05-12T09:00:22.866Z] [INFO] [DRY RUN] Would check availability for movie 1471014 (Van Gogh by Vincent)
[2025-05-12T09:00:22.953Z] [INFO] [DRY RUN] Would check availability for movie 1403735 (Laila)
[2025-05-12T09:00:23.368Z] [INFO] [DRY RUN] Would check availability for movie 1124620 (The Monkey)
[2025-05-12T09:00:23.369Z] [INFO] [DRY RUN] Would check availability for movie 1356236 (Saint Catherine)
[2025-05-12T09:00:25.966Z] [INFO] [DRY RUN] Would check availability for movie 383498 (Deadpool 2)
[2025-05-12T09:00:25.966Z] [INFO] [DRY RUN] Would check availability for movie 1414048 (Day of Reckoning)
[2025-05-12T09:00:25.966Z] [INFO] [DRY RUN] Would check availability for movie 1241982 (Moana 2)
[2025-05-12T09:00:25.966Z] [INFO] [DRY RUN] Would check availability for movie 315837 (Ghost in the Shell)
[2025-05-12T09:00:25.967Z] [INFO] [DRY RUN] Would check availability for movie 974576 (Conclave)
[2025-05-12T09:00:25.967Z] [INFO] [DRY RUN] Would check availability for movie 370172 (No Time to Die)
[2025-05-12T09:00:25.967Z] [INFO] [DRY RUN] Would check availability for movie 126889 (Alien: Covenant)
[2025-05-12T09:00:25.968Z] [INFO] [DRY RUN] Would check availability for movie 974573 (Another Simple Favor)
[2025-05-12T09:00:25.968Z] [INFO] [DRY RUN] Would check availability for movie 324786 (Hacksaw Ridge)
[2025-05-12T09:00:26.456Z] [INFO] [DRY RUN] Would check availability for movie 1180906 (Desert Dawn)
[2025-05-12T09:00:28.959Z] [INFO] Progress saved: Page 2, Index 20
[2025-05-12T09:00:28.960Z] [INFO] Processing page 3 of 50257
[2025-05-12T09:00:29.545Z] [INFO] Fetched 20 movies from page 3
[2025-05-12T09:00:29.639Z] [INFO] [DRY RUN] Would check availability for movie 353491 (The Dark Tower)
[2025-05-12T09:00:29.639Z] [INFO] [DRY RUN] Would check availability for movie 574475 (Final Destination Bloodlines)
[2025-05-12T09:00:29.640Z] [INFO] [DRY RUN] Would check availability for movie 395834 (Wind River)
[2025-05-12T09:00:29.640Z] [INFO] [DRY RUN] Would check availability for movie 1011477 (Karate Kid: Legends)
[2025-05-12T09:00:29.641Z] [INFO] [DRY RUN] Would check availability for movie 238 (The Godfather)
[2025-05-12T09:00:29.641Z] [INFO] [DRY RUN] Would check availability for movie 402 (Basic Instinct)
[2025-05-12T09:00:29.641Z] [INFO] [DRY RUN] Would check availability for movie 458156 (John Wick: Chapter 3 - Parabellum)
[2025-05-12T09:00:29.642Z] [INFO] [DRY RUN] Would check availability for movie 1136721 (The Glenarma Tapes)
[2025-05-12T09:00:29.644Z] [INFO] [DRY RUN] Would check availability for movie 497698 (Black Widow)
[2025-05-12T09:00:29.645Z] [INFO] [DRY RUN] Would check availability for movie 1151039 (Nonnas)
[2025-05-12T09:00:32.240Z] [INFO] [DRY RUN] Would check availability for movie 395990 (Death Wish)
[2025-05-12T09:00:32.241Z] [INFO] [DRY RUN] Would check availability for movie 1092899 (The Siege)
[2025-05-12T09:00:32.241Z] [INFO] [DRY RUN] Would check availability for movie 939243 (Sonic the Hedgehog 3)
[2025-05-12T09:00:32.242Z] [INFO] [DRY RUN] Would check availability for movie 353081 (Mission: Impossible - Fallout)
[2025-05-12T09:00:32.243Z] [INFO] [DRY RUN] Would check availability for movie 384018 (Fast & Furious Presents: Hobbs & Shaw)
[2025-05-12T09:00:32.243Z] [INFO] [DRY RUN] Would check availability for movie 762509 (Mufasa: The Lion King)
[2025-05-12T09:00:32.243Z] [INFO] [DRY RUN] Would check availability for movie 1276073 (Bullet Train Explosion)
[2025-05-12T09:00:32.243Z] [INFO] [DRY RUN] Would check availability for movie 453395 (Doctor Strange in the Multiverse of Madness)
[2025-05-12T09:00:32.243Z] [INFO] [DRY RUN] Would check availability for movie 181812 (Star Wars: The Rise of Skywalker)
[2025-05-12T09:00:32.244Z] [INFO] [DRY RUN] Would check availability for movie 872585 (Oppenheimer)
[2025-05-12T09:00:34.745Z] [INFO] Progress saved: Page 3, Index 20
[2025-05-12T09:00:34.745Z] [INFO] Processing page 4 of 50257
[2025-05-12T09:00:35.367Z] [INFO] Fetched 20 movies from page 4
[2025-05-12T09:00:35.460Z] [INFO] [DRY RUN] Would check availability for movie 950396 (The Gorge)
[2025-05-12T09:00:35.461Z] [INFO] [DRY RUN] Would check availability for movie 1010818 (Groot's First Steps)
[2025-05-12T09:00:35.461Z] [INFO] [DRY RUN] Would check availability for movie 502356 (The Super Mario Bros. Movie)
[2025-05-12T09:00:35.462Z] [INFO] [DRY RUN] Would check availability for movie 476669 (The King's Man)
[2025-05-12T09:00:35.463Z] [INFO] [DRY RUN] Would check availability for movie 1249213 (Drop)
[2025-05-12T09:00:35.463Z] [INFO] [DRY RUN] Would check availability for movie 299537 (Captain Marvel)
[2025-05-12T09:00:35.464Z] [INFO] [DRY RUN] Would check availability for movie 1045938 (G20)
[2025-05-12T09:00:35.465Z] [INFO] [DRY RUN] Would check availability for movie 36557 (Casino Royale)
[2025-05-12T09:00:35.465Z] [INFO] [DRY RUN] Would check availability for movie 337401 (Mulan)
[2025-05-12T09:00:35.466Z] [INFO] [DRY RUN] Would check availability for movie 1195506 (Novocaine)
[2025-05-12T09:00:38.058Z] [INFO] [DRY RUN] Would check availability for movie 429617 (Spider-Man: Far From Home)
[2025-05-12T09:00:38.058Z] [INFO] [DRY RUN] Would check availability for movie 1307520 (The Biggest Fan)
[2025-05-12T09:00:38.059Z] [INFO] [DRY RUN] Would check availability for movie 870028 (The Accountant²)
[2025-05-12T09:00:38.060Z] [INFO] [DRY RUN] Would check availability for movie 405774 (Bird Box)
[2025-05-12T09:00:38.060Z] [INFO] [DRY RUN] Would check availability for movie 36647 (Blade)
[2025-05-12T09:00:38.061Z] [INFO] [DRY RUN] Would check availability for movie 297762 (Wonder Woman)
[2025-05-12T09:00:38.061Z] [INFO] [DRY RUN] Would check availability for movie 306 (Beverly Hills Cop III)
[2025-05-12T09:00:38.061Z] [INFO] [DRY RUN] Would check availability for movie 575265 (Mission: Impossible - The Final Reckoning)
[2025-05-12T09:00:38.062Z] [INFO] [DRY RUN] Would check availability for movie 418078 (It Comes at Night)
[2025-05-12T09:00:38.062Z] [INFO] [DRY RUN] Would check availability for movie 1469239 (Karol G: Tomorrow Was Beautiful)
[2025-05-12T09:00:40.562Z] [INFO] Progress saved: Page 4, Index 20
[2025-05-12T09:00:40.562Z] [INFO] Processing page 5 of 50257
[2025-05-12T09:00:41.144Z] [INFO] Fetched 20 movies from page 5
[2025-05-12T09:00:41.237Z] [INFO] [DRY RUN] Would check availability for movie 1126166 (Flight Risk)
[2025-05-12T09:00:41.237Z] [INFO] [DRY RUN] Would check availability for movie 338952 (Fantastic Beasts: The Crimes of Grindelwald)
[2025-05-12T09:00:41.238Z] [INFO] [DRY RUN] Would check availability for movie 2666 (Dark City)
[2025-05-12T09:00:41.238Z] [INFO] [DRY RUN] Would check availability for movie 460458 (Resident Evil: Welcome to Raccoon City)
[2025-05-12T09:00:41.238Z] [INFO] [DRY RUN] Would check availability for movie 1252309 (Ask Me What You Want)
[2025-05-12T09:00:41.238Z] [INFO] [DRY RUN] Would check availability for movie 1244944 (The Woman in the Yard)
[2025-05-12T09:00:41.239Z] [INFO] [DRY RUN] Would check availability for movie 314 (Catwoman)
[2025-05-12T09:00:41.239Z] [INFO] [DRY RUN] Would check availability for movie 1010581 (My Fault)
[2025-05-12T09:00:41.239Z] [INFO] [DRY RUN] Would check availability for movie 335984 (Blade Runner 2049)
[2025-05-12T09:00:41.239Z] [INFO] [DRY RUN] Would check availability for movie 333371 (10 Cloverfield Lane)
[2025-05-12T09:00:43.832Z] [INFO] [DRY RUN] Would check availability for movie 305470 (Power Rangers)
[2025-05-12T09:00:43.833Z] [INFO] [DRY RUN] Would check availability for movie 496243 (Parasite)
[2025-05-12T09:00:43.834Z] [INFO] [DRY RUN] Would check availability for movie 4011 (Beetlejuice)
[2025-05-12T09:00:43.834Z] [INFO] [DRY RUN] Would check availability for movie 1189423 (The Sloth Lane)
[2025-05-12T09:00:43.835Z] [INFO] [DRY RUN] Would check availability for movie 811941 (Devara: Part 1)
[2025-05-12T09:00:43.835Z] [INFO] [DRY RUN] Would check availability for movie 446696 (Life Itself)
[2025-05-12T09:00:43.836Z] [INFO] [DRY RUN] Would check availability for movie 293660 (Deadpool)
[2025-05-12T09:00:43.836Z] [INFO] [DRY RUN] Would check availability for movie 371645 (Hunt for the Wilderpeople)
[2025-05-12T09:00:43.837Z] [INFO] [DRY RUN] Would check availability for movie 912649 (Venom: The Last Dance)
[2025-05-12T09:00:43.837Z] [INFO] [DRY RUN] Would check availability for movie 533535 (Deadpool & Wolverine)
[2025-05-12T09:00:46.338Z] [INFO] Progress saved: Page 5, Index 20
[2025-05-12T09:00:46.338Z] [INFO] Processing page 6 of 50257
[2025-05-12T09:00:46.959Z] [INFO] Fetched 20 movies from page 6
[2025-05-12T09:00:47.052Z] [INFO] [DRY RUN] Would check availability for movie 1296500 (Un lío de millones)
[2025-05-12T09:00:47.052Z] [INFO] [DRY RUN] Would check availability for movie 424694 (Bohemian Rhapsody)
[2025-05-12T09:00:47.053Z] [INFO] [DRY RUN] Would check availability for movie 298382 (The Dressmaker)
[2025-05-12T09:00:47.053Z] [INFO] [DRY RUN] Would check availability for movie 1083968 (Locked)
[2025-05-12T09:00:47.053Z] [INFO] [DRY RUN] Would check availability for movie 458897 (Charlie's Angels)
[2025-05-12T09:00:47.054Z] [INFO] [DRY RUN] Would check availability for movie 440471 (Escape Plan 2: Hades)
[2025-05-12T09:00:47.054Z] [INFO] [DRY RUN] Would check availability for movie 338947 (Hellraiser)
[2025-05-12T09:00:47.054Z] [INFO] [DRY RUN] Would check availability for movie 1064486 (Memoir of a Snail)
[2025-05-12T09:00:47.055Z] [INFO] [DRY RUN] Would check availability for movie 399170 (Logan Lucky)
[2025-05-12T09:00:47.055Z] [INFO] [DRY RUN] Would check availability for movie 696506 (Mickey 17)
